/Users/guige/share-tool/server.js:11715
        '<div style="font-size:11px;color:var(--text-muted);">' + ts + (size ? ' · ' + size : '') + ' · ${T('ui.trashExpiresIn').replace('{n}', expiresIn)}</div>' +
                                                                                                                                                ^

ReferenceError: expiresIn is not defined
    at Object.<anonymous> (/Users/guige/share-tool/server.js:11715:145)
    at Module._compile (node:internal/modules/cjs/loader:1829:14)
    at Module._extensions..js (node:internal/modules/cjs/loader:1969:10)
    at Module.load (node:internal/modules/cjs/loader:1552:32)
    at Module._load (node:internal/modules/cjs/loader:1354:12)
    at wrapModuleLoad (node:internal/modules/cjs/loader:255:19)
    at Module.executeUserEntryPoint [as runMain] (node:internal/modules/run_main:154:5)
    at node:internal/main/run_main_module:33:47

Node.js v25.9.0
/Users/guige/share-tool/server.js:11715
        '<div style="font-size:11px;color:var(--text-muted);">' + ts + (size ? ' · ' + size : '') + ' · ${T('ui.trashExpiresIn').replace('{n}', expiresIn)}</div>' +
                                                                                                                                                ^

ReferenceError: expiresIn is not defined
    at Object.<anonymous> (/Users/guige/share-tool/server.js:11715:145)
    at Module._compile (node:internal/modules/cjs/loader:1829:14)
    at Module._extensions..js (node:internal/modules/cjs/loader:1969:10)
    at Module.load (node:internal/modules/cjs/loader:1552:32)
    at Module._load (node:internal/modules/cjs/loader:1354:12)
    at wrapModuleLoad (node:internal/modules/cjs/loader:255:19)
    at Module.executeUserEntryPoint [as runMain] (node:internal/modules/run_main:154:5)
    at node:internal/main/run_main_module:33:47

Node.js v25.9.0
